<?xml version="1.0" encoding="UTF-8"?><testrun duration="2339" footerText="Generated by IntelliJ IDEA on 22.05.2020, 10:51" name="Test Challenge">
    <count name="total" value="3"/>
    <count name="passed" value="3"/>
    <config configId="JUnit" name="Test Challenge">
        <module name="Test Challenge"/>
        <useClassPathOnly/>
        <extension name="coverage">
            <pattern>
                <option name="PATTERN" value="Test.*"/>
                <option name="ENABLED" value="true"/>
            </pattern>
        </extension>
        <option name="PACKAGE_NAME" value="Test"/>
        <option name="MAIN_CLASS_NAME" value="Test.BR"/>
        <option name="METHOD_NAME" value=""/>
        <option name="TEST_OBJECT" value="class"/>
        <option name="PARAMETERS" value=""/>
    </config>
    <suite duration="2339" locationUrl="java:suite://Test.BR" name="BR" status="passed">
        <test duration="884" locationUrl="java:test://Test.BR/testCreate2" name="testCreate2()" metainfo="" status="passed">
            <output type="stdout"/>
        </test>
        <test duration="1300" locationUrl="java:test://Test.BR/testCreate3" name="testCreate3()" metainfo="" status="passed">
            <output type="stdout"/>
        </test>
        <test duration="155" locationUrl="java:test://Test.BR/testCreate" name="testCreate()" metainfo="" status="passed">
            <output type="stdout"/>
        </test>
    </suite>
</testrun>
