<?xml version="1.0" encoding="UTF-8"?><testrun duration="12581" footerText="Generated by IntelliJ IDEA on 22.05.2020, 22:18" name="Test_API_Java2">
    <count name="total" value="35"/>
    <count name="failed" value="3"/>
    <count name="passed" value="32"/>
    <config nameIsGenerated="true" configId="JUnit" name="Test_API_Java2">
        <module name="Test_API_MEV1"/>
        <option name="PACKAGE_NAME" value=""/>
        <option name="MAIN_CLASS_NAME" value="Test_API_Java2"/>
        <option name="TEST_OBJECT" value="class"/>
    </config>
    <root name="Test_API_Java2" location="java:suite://Test_API_Java2">
        <output type="stdout">&amp;quot;C:\Program Files\Java\jdk1.8.0_181\bin\java.exe&amp;quot; -ea -Didea.test.cyclic.buffer.size=1048576 &amp;quot;-javaagent:D:\программы\JetBrains\IntelliJ IDEA Community Edition 2019.3.3\lib\idea_rt.jar=59138:D:\программы\JetBrains\IntelliJ IDEA Community Edition 2019.3.3\bin&amp;quot; -Dfile.encoding=UTF-8 -classpath &amp;quot;D:\программы\JetBrains\IntelliJ IDEA Community Edition 2019.3.3\lib\idea_rt.jar;D:\программы\JetBrains\IntelliJ IDEA Community Edition 2019.3.3\plugins\junit\lib\junit5-rt.jar;D:\программы\JetBrains\IntelliJ IDEA Community Edition 2019.3.3\plugins\junit\lib\junit-rt.jar;C:\Program Files\Java\jdk1.8.0_181\jre\lib\charsets.jar;C:\Program Files\Java\jdk1.8.0_181\jre\lib\deploy.jar;C:\Program Files\Java\jdk1.8.0_181\jre\lib\ext\access-bridge-64.jar;C:\Program Files\Java\jdk1.8.0_181\jre\lib\ext\cldrdata.jar;C:\Program Files\Java\jdk1.8.0_181\jre\lib\ext\dnsns.jar;C:\Program Files\Java\jdk1.8.0_181\jre\lib\ext\jaccess.jar;C:\Program Files\Java\jdk1.8.0_181\jre\lib\ext\jfxrt.jar;C:\Program Files\Java\jdk1.8.0_181\jre\lib\ext\localedata.jar;C:\Program Files\Java\jdk1.8.0_181\jre\lib\ext\nashorn.jar;C:\Program Files\Java\jdk1.8.0_181\jre\lib\ext\sunec.jar;C:\Program Files\Java\jdk1.8.0_181\jre\lib\ext\sunjce_provider.jar;C:\Program Files\Java\jdk1.8.0_181\jre\lib\ext\sunmscapi.jar;C:\Program Files\Java\jdk1.8.0_181\jre\lib\ext\sunpkcs11.jar;C:\Program Files\Java\jdk1.8.0_181\jre\lib\ext\zipfs.jar;C:\Program Files\Java\jdk1.8.0_181\jre\lib\javaws.jar;C:\Program Files\Java\jdk1.8.0_181\jre\lib\jce.jar;C:\Program Files\Java\jdk1.8.0_181\jre\lib\jfr.jar;C:\Program Files\Java\jdk1.8.0_181\jre\lib\jfxswt.jar;C:\Program Files\Java\jdk1.8.0_181\jre\lib\jsse.jar;C:\Program Files\Java\jdk1.8.0_181\jre\lib\management-agent.jar;C:\Program Files\Java\jdk1.8.0_181\jre\lib\plugin.jar;C:\Program Files\Java\jdk1.8.0_181\jre\lib\resources.jar;C:\Program Files\Java\jdk1.8.0_181\jre\lib\rt.jar;C:\Users\exe90\IdeaProjects\Test_API_MEV1\target\test-classes;C:\Users\exe90\IdeaProjects\Test_API_MEV1\target\classes;C:\Users\exe90\.m2\repository\org\junit\jupiter\junit-jupiter-engine\5.3.2\junit-jupiter-engine-5.3.2.jar;C:\Users\exe90\.m2\repository\org\apiguardian\apiguardian-api\1.0.0\apiguardian-api-1.0.0.jar;C:\Users\exe90\.m2\repository\org\hamcrest\hamcrest\2.2\hamcrest-2.2.jar;C:\Users\exe90\.m2\repository\io\rest-assured\rest-assured\4.3.0\rest-assured-4.3.0.jar;C:\Users\exe90\.m2\repository\org\codehaus\groovy\groovy\3.0.2\groovy-3.0.2.jar;C:\Users\exe90\.m2\repository\org\codehaus\groovy\groovy-xml\3.0.2\groovy-xml-3.0.2.jar;C:\Users\exe90\.m2\repository\org\apache\httpcomponents\httpclient\4.5.3\httpclient-4.5.3.jar;C:\Users\exe90\.m2\repository\org\apache\httpcomponents\httpcore\4.4.6\httpcore-4.4.6.jar;C:\Users\exe90\.m2\repository\commons-logging\commons-logging\1.2\commons-logging-1.2.jar;C:\Users\exe90\.m2\repository\commons-codec\commons-codec\1.9\commons-codec-1.9.jar;C:\Users\exe90\.m2\repository\org\apache\httpcomponents\httpmime\4.5.3\httpmime-4.5.3.jar;C:\Users\exe90\.m2\repository\org\ccil\cowan\tagsoup\tagsoup\1.2.1\tagsoup-1.2.1.jar;C:\Users\exe90\.m2\repository\io\rest-assured\json-path\4.3.0\json-path-4.3.0.jar;C:\Users\exe90\.m2\repository\org\codehaus\groovy\groovy-json\3.0.2\groovy-json-3.0.2.jar;C:\Users\exe90\.m2\repository\io\rest-assured\rest-assured-common\4.3.0\rest-assured-common-4.3.0.jar;C:\Users\exe90\.m2\repository\io\rest-assured\xml-path\4.3.0\xml-path-4.3.0.jar;C:\Users\exe90\.m2\repository\org\apache\commons\commons-lang3\3.4\commons-lang3-3.4.jar;C:\Users\exe90\.m2\repository\jakarta\xml\bind\jakarta.xml.bind-api\2.3.2\jakarta.xml.bind-api-2.3.2.jar;C:\Users\exe90\.m2\repository\jakarta\activation\jakarta.activation-api\1.2.1\jakarta.activation-api-1.2.1.jar;C:\Users\exe90\.m2\repository\com\sun\xml\bind\jaxb-osgi\2.3.0.1\jaxb-osgi-2.3.0.1.jar;C:\Users\exe90\.m2\repository\org\apache\sling\org.apache.sling.javax.activation\0.1.0\org.apache.sling.javax.activation-0.1.0.jar;C:\Users\exe90\.m2\repository\javax\activation\activation\1.1.1\activation-1.1.1.jar;C:\Users\exe90\.m2\repository\org\apache\maven\plugins\maven-compiler-plugin\3.8.1\maven-compiler-plugin-3.8.1.jar;C:\Users\exe90\.m2\repository\org\apache\maven\maven-plugin-api\3.0\maven-plugin-api-3.0.jar;C:\Users\exe90\.m2\repository\org\apache\maven\maven-model\3.0\maven-model-3.0.jar;C:\Users\exe90\.m2\repository\org\sonatype\sisu\sisu-inject-plexus\1.4.2\sisu-inject-plexus-1.4.2.jar;C:\Users\exe90\.m2\repository\org\sonatype\sisu\sisu-inject-bean\1.4.2\sisu-inject-bean-1.4.2.jar;C:\Users\exe90\.m2\repository\org\sonatype\sisu\sisu-guice\2.1.7\sisu-guice-2.1.7-noaop.jar;C:\Users\exe90\.m2\repository\org\apache\maven\maven-artifact\3.0\maven-artifact-3.0.jar;C:\Users\exe90\.m2\repository\org\codehaus\plexus\plexus-utils\2.0.4\plexus-utils-2.0.4.jar;C:\Users\exe90\.m2\repository\org\apache\maven\maven-core\3.0\maven-core-3.0.jar;C:\Users\exe90\.m2\repository\org\apache\maven\maven-settings\3.0\maven-settings-3.0.jar;C:\Users\exe90\.m2\repository\org\apache\maven\maven-settings-builder\3.0\maven-settings-builder-3.0.jar;C:\Users\exe90\.m2\repository\org\apache\maven\maven-repository-metadata\3.0\maven-repository-metadata-3.0.jar;C:\Users\exe90\.m2\repository\org\apache\maven\maven-model-builder\3.0\maven-model-builder-3.0.jar;C:\Users\exe90\.m2\repository\org\apache\maven\maven-aether-provider\3.0\maven-aether-provider-3.0.jar;C:\Users\exe90\.m2\repository\org\sonatype\aether\aether-impl\1.7\aether-impl-1.7.jar;C:\Users\exe90\.m2\repository\org\sonatype\aether\aether-spi\1.7\aether-spi-1.7.jar;C:\Users\exe90\.m2\repository\org\sonatype\aether\aether-api\1.7\aether-api-1.7.jar;C:\Users\exe90\.m2\repository\org\sonatype\aether\aether-util\1.7\aether-util-1.7.jar;C:\Users\exe90\.m2\repository\org\codehaus\plexus\plexus-interpolation\1.14\plexus-interpolation-1.14.jar;C:\Users\exe90\.m2\repository\org\codehaus\plexus\plexus-classworlds\2.2.3\plexus-classworlds-2.2.3.jar;C:\Users\exe90\.m2\repository\org\codehaus\plexus\plexus-component-annotations\1.5.5\plexus-component-annotations-1.5.5.jar;C:\Users\exe90\.m2\repository\org\sonatype\plexus\plexus-sec-dispatcher\1.3\plexus-sec-dispatcher-1.3.jar;C:\Users\exe90\.m2\repository\org\sonatype\plexus\plexus-cipher\1.4\plexus-cipher-1.4.jar;C:\Users\exe90\.m2\repository\org\apache\maven\shared\maven-shared-utils\3.2.1\maven-shared-utils-3.2.1.jar;C:\Users\exe90\.m2\repository\commons-io\commons-io\2.5\commons-io-2.5.jar;C:\Users\exe90\.m2\repository\org\apache\maven\shared\maven-shared-incremental\1.1\maven-shared-incremental-1.1.jar;C:\Users\exe90\.m2\repository\org\codehaus\plexus\plexus-java\0.9.10\plexus-java-0.9.10.jar;C:\Users\exe90\.m2\repository\org\ow2\asm\asm\6.2\asm-6.2.jar;C:\Users\exe90\.m2\repository\com\thoughtworks\qdox\qdox\2.0-M8\qdox-2.0-M8.jar;C:\Users\exe90\.m2\repository\org\codehaus\plexus\plexus-compiler-api\2.8.4\plexus-compiler-api-2.8.4.jar;C:\Users\exe90\.m2\repository\org\codehaus\plexus\plexus-compiler-manager\2.8.4\plexus-compiler-manager-2.8.4.jar;C:\Users\exe90\.m2\repository\org\codehaus\plexus\plexus-compiler-javac\2.8.4\plexus-compiler-javac-2.8.4.jar;C:\Users\exe90\.m2\repository\org\junit\jupiter\junit-jupiter-api\5.5.2\junit-jupiter-api-5.5.2.jar;C:\Users\exe90\.m2\repository\org\opentest4j\opentest4j\1.2.0\opentest4j-1.2.0.jar;C:\Users\exe90\.m2\repository\org\junit\platform\junit-platform-commons\1.5.2\junit-platform-commons-1.5.2.jar;C:\Users\exe90\.m2\repository\com\jayway\jsonpath\json-path\2.4.0\json-path-2.4.0.jar;C:\Users\exe90\.m2\repository\net\minidev\json-smart\2.3\json-smart-2.3.jar;C:\Users\exe90\.m2\repository\net\minidev\accessors-smart\1.2\accessors-smart-1.2.jar;C:\Users\exe90\.m2\repository\org\slf4j\slf4j-api\1.7.5\slf4j-api-1.7.5.jar;C:\Users\exe90\.m2\repository\org\slf4j\slf4j-simple\1.6.4\slf4j-simple-1.6.4.jar;C:\Users\exe90\.m2\repository\com\tngtech\java\junit-dataprovider\1.13.1\junit-dataprovider-1.13.1.jar;C:\Users\exe90\.m2\repository\org\junit\jupiter\junit-jupiter-params\5.3.2\junit-jupiter-params-5.3.2.jar;C:\Users\exe90\.m2\repository\org\testng\testng\7.1.0\testng-7.1.0.jar;C:\Users\exe90\.m2\repository\com\beust\jcommander\1.72\jcommander-1.72.jar;C:\Users\exe90\.m2\repository\com\google\inject\guice\4.1.0\guice-4.1.0-no_aop.jar;C:\Users\exe90\.m2\repository\javax\inject\javax.inject\1\javax.inject-1.jar;C:\Users\exe90\.m2\repository\aopalliance\aopalliance\1.0\aopalliance-1.0.jar;C:\Users\exe90\.m2\repository\com\google\guava\guava\19.0\guava-19.0.jar;C:\Users\exe90\.m2\repository\org\yaml\snakeyaml\1.21\snakeyaml-1.21.jar;C:\Users\exe90\.m2\repository\org\junit\platform\junit-platform-runner\1.6.0\junit-platform-runner-1.6.0.jar;C:\Users\exe90\.m2\repository\org\junit\platform\junit-platform-launcher\1.6.0\junit-platform-launcher-1.6.0.jar;C:\Users\exe90\.m2\repository\org\junit\platform\junit-platform-suite-api\1.6.0\junit-platform-suite-api-1.6.0.jar;C:\Users\exe90\.m2\repository\org\junit\platform\junit-platform-engine\1.6.0\junit-platform-engine-1.6.0.jar;C:\Users\exe90\.m2\repository\junit\junit\4.13\junit-4.13.jar;C:\Users\exe90\.m2\repository\org\hamcrest\hamcrest-core\1.3\hamcrest-core-1.3.jar&amp;quot; com.intellij.rt.junit.JUnitStarter -ideVersion5 -junit4 Test_API_Java2
Process finished with exit code -1
</output>
    </root>
    <test duration="3400" locationUrl="java:test://Test_API_Java2/requestUs1[0: q=, London, APPID=9e36d5af654c0bc9e5994799dd93bd19]" name="Test_API_Java2.requestUs1[0: q=, London, APPID=9e36d5af654c0bc9e5994799dd93bd19]" status="passed"/>
    <test duration="212" locationUrl="java:test://Test_API_Java2/requestUs1[1: q=, Liverpool, APPID=9e36d5af654c0bc9e5994799dd93bd19]" name="Test_API_Java2.requestUs1[1: q=, Liverpool, APPID=9e36d5af654c0bc9e5994799dd93bd19]" status="passed"/>
    <test duration="233" locationUrl="java:test://Test_API_Java2/requestUs1[2: q=, Riga, APPID=9e36d5af654c0bc9e5994799dd93bd19]" name="Test_API_Java2.requestUs1[2: q=, Riga, APPID=9e36d5af654c0bc9e5994799dd93bd19]" status="failed">
        <output type="stderr">java.lang.AssertionError: 1 expectation failed.
JSON path sys.&amp;#39;country&amp;#39; doesn&amp;#39;t match.
Expected: GB
  Actual: LV
&#13;
	at sun.reflect.NativeConstructorAccessorImpl.newInstance0(Native Method)&#13;
	at sun.reflect.NativeConstructorAccessorImpl.newInstance(NativeConstructorAccessorImpl.java:62)&#13;
	at sun.reflect.DelegatingConstructorAccessorImpl.newInstance(DelegatingConstructorAccessorImpl.java:45)&#13;
	at java.lang.reflect.Constructor.newInstance(Constructor.java:423)&#13;
	at org.codehaus.groovy.reflection.CachedConstructor.invoke(CachedConstructor.java:72)&#13;
	at org.codehaus.groovy.reflection.CachedConstructor.doConstructorInvoke(CachedConstructor.java:59)&#13;
	at org.codehaus.groovy.runtime.callsite.ConstructorSite$ConstructorSiteNoUnwrap.callConstructor(ConstructorSite.java:84)&#13;
	at org.codehaus.groovy.runtime.callsite.CallSiteArray.defaultCallConstructor(CallSiteArray.java:59)&#13;
	at org.codehaus.groovy.runtime.callsite.AbstractCallSite.callConstructor(AbstractCallSite.java:263)&#13;
	at org.codehaus.groovy.runtime.callsite.AbstractCallSite.callConstructor(AbstractCallSite.java:277)&#13;
	at io.restassured.internal.ResponseSpecificationImpl$HamcrestAssertionClosure.validate(ResponseSpecificationImpl.groovy:493)&#13;
	at io.restassured.internal.ResponseSpecificationImpl$HamcrestAssertionClosure$validate$1.call(Unknown Source)&#13;
	at io.restassured.internal.ResponseSpecificationImpl.validateResponseIfRequired(ResponseSpecificationImpl.groovy:674)&#13;
	at sun.reflect.NativeMethodAccessorImpl.invoke0(Native Method)&#13;
	at sun.reflect.NativeMethodAccessorImpl.invoke(NativeMethodAccessorImpl.java:62)&#13;
	at sun.reflect.DelegatingMethodAccessorImpl.invoke(DelegatingMethodAccessorImpl.java:43)&#13;
	at java.lang.reflect.Method.invoke(Method.java:498)&#13;
	at org.codehaus.groovy.runtime.callsite.PlainObjectMetaMethodSite.doInvoke(PlainObjectMetaMethodSite.java:43)&#13;
	at org.codehaus.groovy.runtime.callsite.PogoMetaMethodSite$PogoCachedMethodSiteNoUnwrapNoCoerce.invoke(PogoMetaMethodSite.java:193)&#13;
	at org.codehaus.groovy.runtime.callsite.PogoMetaMethodSite.callCurrent(PogoMetaMethodSite.java:61)&#13;
	at org.codehaus.groovy.runtime.callsite.AbstractCallSite.callCurrent(AbstractCallSite.java:185)&#13;
	at io.restassured.internal.ResponseSpecificationImpl.body(ResponseSpecificationImpl.groovy:261)&#13;
	at io.restassured.specification.ResponseSpecification$body$0.callCurrent(Unknown Source)&#13;
	at io.restassured.internal.ResponseSpecificationImpl.body(ResponseSpecificationImpl.groovy:108)&#13;
	at io.restassured.internal.ValidatableResponseOptionsImpl.body(ValidatableResponseOptionsImpl.java:244)&#13;
	at io.restassured.internal.ValidatableResponseImpl.super$2$body(ValidatableResponseImpl.groovy)&#13;
	at sun.reflect.NativeMethodAccessorImpl.invoke0(Native Method)&#13;
	at sun.reflect.NativeMethodAccessorImpl.invoke(NativeMethodAccessorImpl.java:62)&#13;
	at sun.reflect.DelegatingMethodAccessorImpl.invoke(DelegatingMethodAccessorImpl.java:43)&#13;
	at java.lang.reflect.Method.invoke(Method.java:498)&#13;
	at org.codehaus.groovy.reflection.CachedMethod.invoke(CachedMethod.java:107)&#13;
	at groovy.lang.MetaMethod.doMethodInvoke(MetaMethod.java:323)&#13;
	at groovy.lang.MetaClassImpl.invokeMethod(MetaClassImpl.java:1262)&#13;
	at org.codehaus.groovy.runtime.ScriptBytecodeAdapter.invokeMethodOnSuperN(ScriptBytecodeAdapter.java:144)&#13;
	at io.restassured.internal.ValidatableResponseImpl.body(ValidatableResponseImpl.groovy:298)&#13;
	at io.restassured.internal.ValidatableResponseImpl.body(ValidatableResponseImpl.groovy)&#13;
	at Test_API_Java2.requestUs1(Test_API_Java2.java:72)&#13;
	at sun.reflect.NativeMethodAccessorImpl.invoke0(Native Method)&#13;
	at sun.reflect.NativeMethodAccessorImpl.invoke(NativeMethodAccessorImpl.java:62)&#13;
	at sun.reflect.DelegatingMethodAccessorImpl.invoke(DelegatingMethodAccessorImpl.java:43)&#13;
	at java.lang.reflect.Method.invoke(Method.java:498)&#13;
	at org.junit.runners.model.FrameworkMethod$1.runReflectiveCall(FrameworkMethod.java:59)&#13;
	at org.junit.internal.runners.model.ReflectiveCallable.run(ReflectiveCallable.java:12)&#13;
	at org.junit.runners.model.FrameworkMethod.invokeExplosively(FrameworkMethod.java:56)&#13;
	at com.tngtech.java.junit.dataprovider.DataProviderFrameworkMethod.invokeExplosively(DataProviderFrameworkMethod.java:76)&#13;
	at org.junit.internal.runners.statements.InvokeMethod.evaluate(InvokeMethod.java:17)&#13;
	at org.junit.runners.ParentRunner$3.evaluate(ParentRunner.java:306)&#13;
	at org.junit.runners.BlockJUnit4ClassRunner$1.evaluate(BlockJUnit4ClassRunner.java:100)&#13;
	at org.junit.runners.ParentRunner.runLeaf(ParentRunner.java:366)&#13;
	at org.junit.runners.BlockJUnit4ClassRunner.runChild(BlockJUnit4ClassRunner.java:103)&#13;
	at org.junit.runners.BlockJUnit4ClassRunner.runChild(BlockJUnit4ClassRunner.java:63)&#13;
	at org.junit.runners.ParentRunner$4.run(ParentRunner.java:331)&#13;
	at org.junit.runners.ParentRunner$1.schedule(ParentRunner.java:79)&#13;
	at org.junit.runners.ParentRunner.runChildren(ParentRunner.java:329)&#13;
	at org.junit.runners.ParentRunner.access$100(ParentRunner.java:66)&#13;
	at org.junit.runners.ParentRunner$2.evaluate(ParentRunner.java:293)&#13;
	at org.junit.runners.ParentRunner$3.evaluate(ParentRunner.java:306)&#13;
	at org.junit.runners.ParentRunner.run(ParentRunner.java:413)&#13;
	at org.junit.runner.JUnitCore.run(JUnitCore.java:137)&#13;
	at com.intellij.junit4.JUnit4IdeaTestRunner.startRunnerWithArgs(JUnit4IdeaTestRunner.java:68)&#13;
	at com.intellij.rt.junit.IdeaTestRunner$Repeater.startRunnerWithArgs(IdeaTestRunner.java:33)&#13;
	at com.intellij.rt.junit.JUnitStarter.prepareStreamsAndStart(JUnitStarter.java:230)&#13;
	at com.intellij.rt.junit.JUnitStarter.main(JUnitStarter.java:58)&#13;
</output>
    </test>
    <test duration="207" locationUrl="java:test://Test_API_Java2/requestUs1[3: q=, Belfast, APPID=9e36d5af654c0bc9e5994799dd93bd19]" name="Test_API_Java2.requestUs1[3: q=, Belfast, APPID=9e36d5af654c0bc9e5994799dd93bd19]" status="passed"/>
    <test duration="226" locationUrl="java:test://Test_API_Java2/requestUs1[4: q=, Elgin, APPID=9e36d5af654c0bc9e5994799dd93bd19]" name="Test_API_Java2.requestUs1[4: q=, Elgin, APPID=9e36d5af654c0bc9e5994799dd93bd19]" status="failed">
        <output type="stderr">java.lang.AssertionError: 1 expectation failed.
JSON path sys.&amp;#39;country&amp;#39; doesn&amp;#39;t match.
Expected: GB
  Actual: US
&#13;
	at sun.reflect.NativeConstructorAccessorImpl.newInstance0(Native Method)&#13;
	at sun.reflect.NativeConstructorAccessorImpl.newInstance(NativeConstructorAccessorImpl.java:62)&#13;
	at sun.reflect.DelegatingConstructorAccessorImpl.newInstance(DelegatingConstructorAccessorImpl.java:45)&#13;
	at java.lang.reflect.Constructor.newInstance(Constructor.java:423)&#13;
	at org.codehaus.groovy.reflection.CachedConstructor.invoke(CachedConstructor.java:72)&#13;
	at org.codehaus.groovy.reflection.CachedConstructor.doConstructorInvoke(CachedConstructor.java:59)&#13;
	at org.codehaus.groovy.runtime.callsite.ConstructorSite$ConstructorSiteNoUnwrap.callConstructor(ConstructorSite.java:84)&#13;
	at org.codehaus.groovy.runtime.callsite.AbstractCallSite.callConstructor(AbstractCallSite.java:277)&#13;
	at io.restassured.internal.ResponseSpecificationImpl$HamcrestAssertionClosure.validate(ResponseSpecificationImpl.groovy:493)&#13;
	at io.restassured.internal.ResponseSpecificationImpl$HamcrestAssertionClosure$validate$1.call(Unknown Source)&#13;
	at io.restassured.internal.ResponseSpecificationImpl.validateResponseIfRequired(ResponseSpecificationImpl.groovy:674)&#13;
	at sun.reflect.NativeMethodAccessorImpl.invoke0(Native Method)&#13;
	at sun.reflect.NativeMethodAccessorImpl.invoke(NativeMethodAccessorImpl.java:62)&#13;
	at sun.reflect.DelegatingMethodAccessorImpl.invoke(DelegatingMethodAccessorImpl.java:43)&#13;
	at java.lang.reflect.Method.invoke(Method.java:498)&#13;
	at org.codehaus.groovy.runtime.callsite.PlainObjectMetaMethodSite.doInvoke(PlainObjectMetaMethodSite.java:43)&#13;
	at org.codehaus.groovy.runtime.callsite.PogoMetaMethodSite$PogoCachedMethodSiteNoUnwrapNoCoerce.invoke(PogoMetaMethodSite.java:193)&#13;
	at org.codehaus.groovy.runtime.callsite.PogoMetaMethodSite.callCurrent(PogoMetaMethodSite.java:61)&#13;
	at org.codehaus.groovy.runtime.callsite.AbstractCallSite.callCurrent(AbstractCallSite.java:185)&#13;
	at io.restassured.internal.ResponseSpecificationImpl.body(ResponseSpecificationImpl.groovy:261)&#13;
	at io.restassured.specification.ResponseSpecification$body$0.callCurrent(Unknown Source)&#13;
	at io.restassured.internal.ResponseSpecificationImpl.body(ResponseSpecificationImpl.groovy:108)&#13;
	at io.restassured.internal.ValidatableResponseOptionsImpl.body(ValidatableResponseOptionsImpl.java:244)&#13;
	at io.restassured.internal.ValidatableResponseImpl.super$2$body(ValidatableResponseImpl.groovy)&#13;
	at sun.reflect.NativeMethodAccessorImpl.invoke0(Native Method)&#13;
	at sun.reflect.NativeMethodAccessorImpl.invoke(NativeMethodAccessorImpl.java:62)&#13;
	at sun.reflect.DelegatingMethodAccessorImpl.invoke(DelegatingMethodAccessorImpl.java:43)&#13;
	at java.lang.reflect.Method.invoke(Method.java:498)&#13;
	at org.codehaus.groovy.reflection.CachedMethod.invoke(CachedMethod.java:107)&#13;
	at groovy.lang.MetaMethod.doMethodInvoke(MetaMethod.java:323)&#13;
	at groovy.lang.MetaClassImpl.invokeMethod(MetaClassImpl.java:1262)&#13;
	at org.codehaus.groovy.runtime.ScriptBytecodeAdapter.invokeMethodOnSuperN(ScriptBytecodeAdapter.java:144)&#13;
	at io.restassured.internal.ValidatableResponseImpl.body(ValidatableResponseImpl.groovy:298)&#13;
	at io.restassured.internal.ValidatableResponseImpl.body(ValidatableResponseImpl.groovy)&#13;
	at Test_API_Java2.requestUs1(Test_API_Java2.java:72)&#13;
	at sun.reflect.NativeMethodAccessorImpl.invoke0(Native Method)&#13;
	at sun.reflect.NativeMethodAccessorImpl.invoke(NativeMethodAccessorImpl.java:62)&#13;
	at sun.reflect.DelegatingMethodAccessorImpl.invoke(DelegatingMethodAccessorImpl.java:43)&#13;
	at java.lang.reflect.Method.invoke(Method.java:498)&#13;
	at org.junit.runners.model.FrameworkMethod$1.runReflectiveCall(FrameworkMethod.java:59)&#13;
	at org.junit.internal.runners.model.ReflectiveCallable.run(ReflectiveCallable.java:12)&#13;
	at org.junit.runners.model.FrameworkMethod.invokeExplosively(FrameworkMethod.java:56)&#13;
	at com.tngtech.java.junit.dataprovider.DataProviderFrameworkMethod.invokeExplosively(DataProviderFrameworkMethod.java:76)&#13;
	at org.junit.internal.runners.statements.InvokeMethod.evaluate(InvokeMethod.java:17)&#13;
	at org.junit.runners.ParentRunner$3.evaluate(ParentRunner.java:306)&#13;
	at org.junit.runners.BlockJUnit4ClassRunner$1.evaluate(BlockJUnit4ClassRunner.java:100)&#13;
	at org.junit.runners.ParentRunner.runLeaf(ParentRunner.java:366)&#13;
	at org.junit.runners.BlockJUnit4ClassRunner.runChild(BlockJUnit4ClassRunner.java:103)&#13;
	at org.junit.runners.BlockJUnit4ClassRunner.runChild(BlockJUnit4ClassRunner.java:63)&#13;
	at org.junit.runners.ParentRunner$4.run(ParentRunner.java:331)&#13;
	at org.junit.runners.ParentRunner$1.schedule(ParentRunner.java:79)&#13;
	at org.junit.runners.ParentRunner.runChildren(ParentRunner.java:329)&#13;
	at org.junit.runners.ParentRunner.access$100(ParentRunner.java:66)&#13;
	at org.junit.runners.ParentRunner$2.evaluate(ParentRunner.java:293)&#13;
	at org.junit.runners.ParentRunner$3.evaluate(ParentRunner.java:306)&#13;
	at org.junit.runners.ParentRunner.run(ParentRunner.java:413)&#13;
	at org.junit.runner.JUnitCore.run(JUnitCore.java:137)&#13;
	at com.intellij.junit4.JUnit4IdeaTestRunner.startRunnerWithArgs(JUnit4IdeaTestRunner.java:68)&#13;
	at com.intellij.rt.junit.IdeaTestRunner$Repeater.startRunnerWithArgs(IdeaTestRunner.java:33)&#13;
	at com.intellij.rt.junit.JUnitStarter.prepareStreamsAndStart(JUnitStarter.java:230)&#13;
	at com.intellij.rt.junit.JUnitStarter.main(JUnitStarter.java:58)&#13;
</output>
    </test>
    <test duration="222" locationUrl="java:test://Test_API_Java2/requestUs1[5: q=, Bude, APPID=9e36d5af654c0bc9e5994799dd93bd19]" name="Test_API_Java2.requestUs1[5: q=, Bude, APPID=9e36d5af654c0bc9e5994799dd93bd19]" status="passed"/>
    <test duration="203" locationUrl="java:test://Test_API_Java2/requestUs1[6: q=, Ashford, appid=9e36d5af654c0bc9e5994799dd93bd19]" name="Test_API_Java2.requestUs1[6: q=, Ashford, appid=9e36d5af654c0bc9e5994799dd93bd19]" status="passed"/>
    <test duration="299" locationUrl="java:test://Test_API_Java2/requestUs2[0: q=, London, APPID=9e36d5af654c0bc9e5994799dd93bd19]" name="Test_API_Java2.requestUs2[0: q=, London, APPID=9e36d5af654c0bc9e5994799dd93bd19]" status="passed"/>
    <test duration="204" locationUrl="java:test://Test_API_Java2/requestUs2[1: q=, Liverpool, APPID=9e36d5af654c0bc9e5994799dd93bd19]" name="Test_API_Java2.requestUs2[1: q=, Liverpool, APPID=9e36d5af654c0bc9e5994799dd93bd19]" status="passed"/>
    <test duration="214" locationUrl="java:test://Test_API_Java2/requestUs2[2: q=, Riga, APPID=9e36d5af654c0bc9e5994799dd93bd19]" name="Test_API_Java2.requestUs2[2: q=, Riga, APPID=9e36d5af654c0bc9e5994799dd93bd19]" status="passed"/>
    <test duration="268" locationUrl="java:test://Test_API_Java2/requestUs2[3: q=, Belfast, APPID=9e36d5af654c0bc9e5994799dd93bd19]" name="Test_API_Java2.requestUs2[3: q=, Belfast, APPID=9e36d5af654c0bc9e5994799dd93bd19]" status="passed"/>
    <test duration="201" locationUrl="java:test://Test_API_Java2/requestUs2[4: q=, Elgin, APPID=9e36d5af654c0bc9e5994799dd93bd19]" name="Test_API_Java2.requestUs2[4: q=, Elgin, APPID=9e36d5af654c0bc9e5994799dd93bd19]" status="passed"/>
    <test duration="200" locationUrl="java:test://Test_API_Java2/requestUs2[5: q=, Bude, APPID=9e36d5af654c0bc9e5994799dd93bd19]" name="Test_API_Java2.requestUs2[5: q=, Bude, APPID=9e36d5af654c0bc9e5994799dd93bd19]" status="passed"/>
    <test duration="204" locationUrl="java:test://Test_API_Java2/requestUs2[6: q=, Ashford, appid=9e36d5af654c0bc9e5994799dd93bd19]" name="Test_API_Java2.requestUs2[6: q=, Ashford, appid=9e36d5af654c0bc9e5994799dd93bd19]" status="passed"/>
    <test duration="452" locationUrl="java:test://Test_API_Java2/requestUs3[0: q=, London, APPID=9e36d5af654c0bc9e5994799dd93bd19]" name="Test_API_Java2.requestUs3[0: q=, London, APPID=9e36d5af654c0bc9e5994799dd93bd19]" status="passed">
        <output type="stdout">291.53 285.97 293.15
</output>
    </test>
    <test duration="445" locationUrl="java:test://Test_API_Java2/requestUs3[1: q=, Liverpool, APPID=9e36d5af654c0bc9e5994799dd93bd19]" name="Test_API_Java2.requestUs3[1: q=, Liverpool, APPID=9e36d5af654c0bc9e5994799dd93bd19]" status="passed">
        <output type="stdout">288.33 278.37 289.82
</output>
    </test>
    <test duration="424" locationUrl="java:test://Test_API_Java2/requestUs3[2: q=, Riga, APPID=9e36d5af654c0bc9e5994799dd93bd19]" name="Test_API_Java2.requestUs3[2: q=, Riga, APPID=9e36d5af654c0bc9e5994799dd93bd19]" status="passed">
        <output type="stdout">285.15 281.66 285.15
</output>
    </test>
    <test duration="423" locationUrl="java:test://Test_API_Java2/requestUs3[3: q=, Belfast, APPID=9e36d5af654c0bc9e5994799dd93bd19]" name="Test_API_Java2.requestUs3[3: q=, Belfast, APPID=9e36d5af654c0bc9e5994799dd93bd19]" status="passed">
        <output type="stdout">287.78 277.36 288.71
</output>
    </test>
    <test duration="435" locationUrl="java:test://Test_API_Java2/requestUs3[4: q=, Elgin, APPID=9e36d5af654c0bc9e5994799dd93bd19]" name="Test_API_Java2.requestUs3[4: q=, Elgin, APPID=9e36d5af654c0bc9e5994799dd93bd19]" status="passed">
        <output type="stdout">291.72 291.35 293.15
</output>
    </test>
    <test duration="456" locationUrl="java:test://Test_API_Java2/requestUs3[5: q=, Bude, APPID=9e36d5af654c0bc9e5994799dd93bd19]" name="Test_API_Java2.requestUs3[5: q=, Bude, APPID=9e36d5af654c0bc9e5994799dd93bd19]" status="passed">
        <output type="stdout">287.64 285.12 288.15
</output>
    </test>
    <test duration="410" locationUrl="java:test://Test_API_Java2/requestUs3[6: q=, Ashford, appid=9e36d5af654c0bc9e5994799dd93bd19]" name="Test_API_Java2.requestUs3[6: q=, Ashford, appid=9e36d5af654c0bc9e5994799dd93bd19]" status="passed">
        <output type="stdout">289.09 285.63 289.26
</output>
    </test>
    <test duration="219" locationUrl="java:test://Test_API_Java2/requestUs4[0: q=, London, APPID=9e36d5af654c0bc9e5994799dd93bd19]" name="Test_API_Java2.requestUs4[0: q=, London, APPID=9e36d5af654c0bc9e5994799dd93bd19]" status="passed">
        <output type="stdout">291.53 290.37 293.15
</output>
    </test>
    <test duration="214" locationUrl="java:test://Test_API_Java2/requestUs4[1: q=, Liverpool, APPID=9e36d5af654c0bc9e5994799dd93bd19]" name="Test_API_Java2.requestUs4[1: q=, Liverpool, APPID=9e36d5af654c0bc9e5994799dd93bd19]" status="passed">
        <output type="stdout">288.33 287.59 289.82
</output>
    </test>
    <test duration="215" locationUrl="java:test://Test_API_Java2/requestUs4[2: q=, Riga, APPID=9e36d5af654c0bc9e5994799dd93bd19]" name="Test_API_Java2.requestUs4[2: q=, Riga, APPID=9e36d5af654c0bc9e5994799dd93bd19]" status="passed">
        <output type="stdout">285.15 285.15 285.15
</output>
    </test>
    <test duration="226" locationUrl="java:test://Test_API_Java2/requestUs4[3: q=, Belfast, APPID=9e36d5af654c0bc9e5994799dd93bd19]" name="Test_API_Java2.requestUs4[3: q=, Belfast, APPID=9e36d5af654c0bc9e5994799dd93bd19]" status="passed">
        <output type="stdout">287.78 287.15 288.71
</output>
    </test>
    <test duration="264" locationUrl="java:test://Test_API_Java2/requestUs4[4: q=, Elgin, APPID=9e36d5af654c0bc9e5994799dd93bd19]" name="Test_API_Java2.requestUs4[4: q=, Elgin, APPID=9e36d5af654c0bc9e5994799dd93bd19]" status="passed">
        <output type="stdout">291.72 290.93 293.15
</output>
    </test>
    <test duration="380" locationUrl="java:test://Test_API_Java2/requestUs4[5: q=, Bude, APPID=9e36d5af654c0bc9e5994799dd93bd19]" name="Test_API_Java2.requestUs4[5: q=, Bude, APPID=9e36d5af654c0bc9e5994799dd93bd19]" status="passed">
        <output type="stdout">287.64 287.04 288.15
</output>
    </test>
    <test duration="247" locationUrl="java:test://Test_API_Java2/requestUs4[6: q=, Ashford, appid=9e36d5af654c0bc9e5994799dd93bd19]" name="Test_API_Java2.requestUs4[6: q=, Ashford, appid=9e36d5af654c0bc9e5994799dd93bd19]" status="passed">
        <output type="stdout">289.09 288.71 289.26
</output>
    </test>
    <test duration="286" locationUrl="java:test://Test_API_Java2/requestUs[0: q=, London, APPID=9e36d5af654c0bc9e5994799dd93bd19]" name="Test_API_Java2.requestUs[0: q=, London, APPID=9e36d5af654c0bc9e5994799dd93bd19]" status="passed">
        <output type="stdout">Request method:	GET
Request URI:	http://api.openweathermap.org/data/2.5/weather?q=London&amp;amp;APPID=9e36d5af654c0bc9e5994799dd93bd19
Proxy:			&amp;lt;none&amp;gt;
Request params:	&amp;lt;none&amp;gt;
Query params:	&amp;lt;none&amp;gt;
Form params:	&amp;lt;none&amp;gt;
Path params:	payload1=q=
				payload2=London
				payload3=APPID=9e36d5af654c0bc9e5994799dd93bd19
Headers:		Accept=*/*
				Content-Type=application/json; charset=UTF-8
Cookies:		&amp;lt;none&amp;gt;
Multiparts:		&amp;lt;none&amp;gt;
Body:			&amp;lt;none&amp;gt;
HTTP/1.1 200 OK
Server: openresty
Date: Fri, 22 May 2020 18:18:00 GMT
Content-Type: application/json; charset=utf-8
Content-Length: 470
Connection: keep-alive
X-Cache-Key: /data/2.5/weather?APPID=9e36d5af654c0bc9e5994799dd93bd19&amp;amp;q=london
Access-Control-Allow-Origin: *
Access-Control-Allow-Credentials: true
Access-Control-Allow-Methods: GET, POST
{
    &amp;quot;coord&amp;quot;: {
        &amp;quot;lon&amp;quot;: -0.13,
        &amp;quot;lat&amp;quot;: 51.51
    },
    &amp;quot;weather&amp;quot;: [
        {
            &amp;quot;id&amp;quot;: 804,
            &amp;quot;main&amp;quot;: &amp;quot;Clouds&amp;quot;,
            &amp;quot;description&amp;quot;: &amp;quot;overcast clouds&amp;quot;,
            &amp;quot;icon&amp;quot;: &amp;quot;04d&amp;quot;
        }
    ],
    &amp;quot;base&amp;quot;: &amp;quot;stations&amp;quot;,
    &amp;quot;main&amp;quot;: {
        &amp;quot;temp&amp;quot;: 291.53,
        &amp;quot;feels_like&amp;quot;: 285.97,
        &amp;quot;temp_min&amp;quot;: 290.37,
        &amp;quot;temp_max&amp;quot;: 293.15,
        &amp;quot;pressure&amp;quot;: 1016,
        &amp;quot;humidity&amp;quot;: 45
    },
    &amp;quot;visibility&amp;quot;: 10000,
    &amp;quot;wind&amp;quot;: {
        &amp;quot;speed&amp;quot;: 6.7,
        &amp;quot;deg&amp;quot;: 230
    },
    &amp;quot;clouds&amp;quot;: {
        &amp;quot;all&amp;quot;: 85
    },
    &amp;quot;dt&amp;quot;: 1590171160,
    &amp;quot;sys&amp;quot;: {
        &amp;quot;type&amp;quot;: 1,
        &amp;quot;id&amp;quot;: 1414,
        &amp;quot;country&amp;quot;: &amp;quot;GB&amp;quot;,
        &amp;quot;sunrise&amp;quot;: 1590119930,
        &amp;quot;sunset&amp;quot;: 1590177354
    },
    &amp;quot;timezone&amp;quot;: 3600,
    &amp;quot;id&amp;quot;: 2643743,
    &amp;quot;name&amp;quot;: &amp;quot;London&amp;quot;,
    &amp;quot;cod&amp;quot;: 200
}
</output>
    </test>
    <test duration="198" locationUrl="java:test://Test_API_Java2/requestUs[1: q=, Liverpool, APPID=9e36d5af654c0bc9e5994799dd93bd19]" name="Test_API_Java2.requestUs[1: q=, Liverpool, APPID=9e36d5af654c0bc9e5994799dd93bd19]" status="passed">
        <output type="stdout">Request method:	GET
Request URI:	http://api.openweathermap.org/data/2.5/weather?q=Liverpool&amp;amp;APPID=9e36d5af654c0bc9e5994799dd93bd19
Proxy:			&amp;lt;none&amp;gt;
Request params:	&amp;lt;none&amp;gt;
Query params:	&amp;lt;none&amp;gt;
Form params:	&amp;lt;none&amp;gt;
Path params:	payload1=q=
				payload2=Liverpool
				payload3=APPID=9e36d5af654c0bc9e5994799dd93bd19
Headers:		Accept=*/*
				Content-Type=application/json; charset=UTF-8
Cookies:		&amp;lt;none&amp;gt;
Multiparts:		&amp;lt;none&amp;gt;
Body:			&amp;lt;none&amp;gt;
HTTP/1.1 200 OK
Server: openresty
Date: Fri, 22 May 2020 18:18:00 GMT
Content-Type: application/json; charset=utf-8
Content-Length: 482
Connection: keep-alive
X-Cache-Key: /data/2.5/weather?APPID=9e36d5af654c0bc9e5994799dd93bd19&amp;amp;q=liverpool
Access-Control-Allow-Origin: *
Access-Control-Allow-Credentials: true
Access-Control-Allow-Methods: GET, POST
{
    &amp;quot;coord&amp;quot;: {
        &amp;quot;lon&amp;quot;: -2.98,
        &amp;quot;lat&amp;quot;: 53.41
    },
    &amp;quot;weather&amp;quot;: [
        {
            &amp;quot;id&amp;quot;: 803,
            &amp;quot;main&amp;quot;: &amp;quot;Clouds&amp;quot;,
            &amp;quot;description&amp;quot;: &amp;quot;broken clouds&amp;quot;,
            &amp;quot;icon&amp;quot;: &amp;quot;04d&amp;quot;
        }
    ],
    &amp;quot;base&amp;quot;: &amp;quot;stations&amp;quot;,
    &amp;quot;main&amp;quot;: {
        &amp;quot;temp&amp;quot;: 288.33,
        &amp;quot;feels_like&amp;quot;: 278.37,
        &amp;quot;temp_min&amp;quot;: 287.59,
        &amp;quot;temp_max&amp;quot;: 289.82,
        &amp;quot;pressure&amp;quot;: 1011,
        &amp;quot;humidity&amp;quot;: 54
    },
    &amp;quot;visibility&amp;quot;: 10000,
    &amp;quot;wind&amp;quot;: {
        &amp;quot;speed&amp;quot;: 12.9,
        &amp;quot;deg&amp;quot;: 230,
        &amp;quot;gust&amp;quot;: 18
    },
    &amp;quot;clouds&amp;quot;: {
        &amp;quot;all&amp;quot;: 75
    },
    &amp;quot;dt&amp;quot;: 1590171408,
    &amp;quot;sys&amp;quot;: {
        &amp;quot;type&amp;quot;: 1,
        &amp;quot;id&amp;quot;: 1399,
        &amp;quot;country&amp;quot;: &amp;quot;GB&amp;quot;,
        &amp;quot;sunrise&amp;quot;: 1590120062,
        &amp;quot;sunset&amp;quot;: 1590178591
    },
    &amp;quot;timezone&amp;quot;: 3600,
    &amp;quot;id&amp;quot;: 2644210,
    &amp;quot;name&amp;quot;: &amp;quot;Liverpool&amp;quot;,
    &amp;quot;cod&amp;quot;: 200
}
</output>
    </test>
    <test duration="195" locationUrl="java:test://Test_API_Java2/requestUs[2: q=, Riga, APPID=9e36d5af654c0bc9e5994799dd93bd19]" name="Test_API_Java2.requestUs[2: q=, Riga, APPID=9e36d5af654c0bc9e5994799dd93bd19]" status="failed">
        <output type="stdout">Request method:	GET
Request URI:	http://api.openweathermap.org/data/2.5/weather?q=Riga&amp;amp;APPID=9e36d5af654c0bc9e5994799dd93bd19
Proxy:			&amp;lt;none&amp;gt;
Request params:	&amp;lt;none&amp;gt;
Query params:	&amp;lt;none&amp;gt;
Form params:	&amp;lt;none&amp;gt;
Path params:	payload1=q=
				payload2=Riga
				payload3=APPID=9e36d5af654c0bc9e5994799dd93bd19
Headers:		Accept=*/*
				Content-Type=application/json; charset=UTF-8
Cookies:		&amp;lt;none&amp;gt;
Multiparts:		&amp;lt;none&amp;gt;
Body:			&amp;lt;none&amp;gt;
HTTP/1.1 200 OK
Server: openresty
Date: Fri, 22 May 2020 18:18:00 GMT
Content-Type: application/json; charset=utf-8
Content-Length: 458
Connection: keep-alive
X-Cache-Key: /data/2.5/weather?APPID=9e36d5af654c0bc9e5994799dd93bd19&amp;amp;q=riga
Access-Control-Allow-Origin: *
Access-Control-Allow-Credentials: true
Access-Control-Allow-Methods: GET, POST
{
    &amp;quot;coord&amp;quot;: {
        &amp;quot;lon&amp;quot;: 24.08,
        &amp;quot;lat&amp;quot;: 57
    },
    &amp;quot;weather&amp;quot;: [
        {
            &amp;quot;id&amp;quot;: 800,
            &amp;quot;main&amp;quot;: &amp;quot;Clear&amp;quot;,
            &amp;quot;description&amp;quot;: &amp;quot;clear sky&amp;quot;,
            &amp;quot;icon&amp;quot;: &amp;quot;01d&amp;quot;
        }
    ],
    &amp;quot;base&amp;quot;: &amp;quot;stations&amp;quot;,
    &amp;quot;main&amp;quot;: {
        &amp;quot;temp&amp;quot;: 285.15,
        &amp;quot;feels_like&amp;quot;: 281.66,
        &amp;quot;temp_min&amp;quot;: 285.15,
        &amp;quot;temp_max&amp;quot;: 285.15,
        &amp;quot;pressure&amp;quot;: 1022,
        &amp;quot;humidity&amp;quot;: 58
    },
    &amp;quot;visibility&amp;quot;: 10000,
    &amp;quot;wind&amp;quot;: {
        &amp;quot;speed&amp;quot;: 3.1,
        &amp;quot;deg&amp;quot;: 330
    },
    &amp;quot;clouds&amp;quot;: {
        &amp;quot;all&amp;quot;: 0
    },
    &amp;quot;dt&amp;quot;: 1590171302,
    &amp;quot;sys&amp;quot;: {
        &amp;quot;type&amp;quot;: 1,
        &amp;quot;id&amp;quot;: 1876,
        &amp;quot;country&amp;quot;: &amp;quot;LV&amp;quot;,
        &amp;quot;sunrise&amp;quot;: 1590112331,
        &amp;quot;sunset&amp;quot;: 1590173332
    },
    &amp;quot;timezone&amp;quot;: 10800,
    &amp;quot;id&amp;quot;: 456173,
    &amp;quot;name&amp;quot;: &amp;quot;Rīga&amp;quot;,
    &amp;quot;cod&amp;quot;: 200
}
</output>
        <output type="stderr">java.lang.AssertionError: 1 expectation failed.
JSON path name doesn&amp;#39;t match.
Expected: Riga
  Actual: Rīga
&#13;
	at sun.reflect.NativeConstructorAccessorImpl.newInstance0(Native Method)&#13;
	at sun.reflect.NativeConstructorAccessorImpl.newInstance(NativeConstructorAccessorImpl.java:62)&#13;
	at sun.reflect.DelegatingConstructorAccessorImpl.newInstance(DelegatingConstructorAccessorImpl.java:45)&#13;
	at java.lang.reflect.Constructor.newInstance(Constructor.java:423)&#13;
	at org.codehaus.groovy.reflection.CachedConstructor.invoke(CachedConstructor.java:72)&#13;
	at org.codehaus.groovy.reflection.CachedConstructor.doConstructorInvoke(CachedConstructor.java:59)&#13;
	at org.codehaus.groovy.runtime.callsite.ConstructorSite$ConstructorSiteNoUnwrap.callConstructor(ConstructorSite.java:84)&#13;
	at org.codehaus.groovy.runtime.callsite.AbstractCallSite.callConstructor(AbstractCallSite.java:277)&#13;
	at io.restassured.internal.ResponseSpecificationImpl$HamcrestAssertionClosure.validate(ResponseSpecificationImpl.groovy:493)&#13;
	at io.restassured.internal.ResponseSpecificationImpl$HamcrestAssertionClosure$validate$1.call(Unknown Source)&#13;
	at io.restassured.internal.ResponseSpecificationImpl.validateResponseIfRequired(ResponseSpecificationImpl.groovy:674)&#13;
	at sun.reflect.GeneratedMethodAccessor147.invoke(Unknown Source)&#13;
	at sun.reflect.DelegatingMethodAccessorImpl.invoke(DelegatingMethodAccessorImpl.java:43)&#13;
	at java.lang.reflect.Method.invoke(Method.java:498)&#13;
	at org.codehaus.groovy.runtime.callsite.PlainObjectMetaMethodSite.doInvoke(PlainObjectMetaMethodSite.java:43)&#13;
	at org.codehaus.groovy.runtime.callsite.PogoMetaMethodSite$PogoCachedMethodSiteNoUnwrapNoCoerce.invoke(PogoMetaMethodSite.java:193)&#13;
	at org.codehaus.groovy.runtime.callsite.PogoMetaMethodSite.callCurrent(PogoMetaMethodSite.java:61)&#13;
	at org.codehaus.groovy.runtime.callsite.AbstractCallSite.callCurrent(AbstractCallSite.java:185)&#13;
	at io.restassured.internal.ResponseSpecificationImpl.body(ResponseSpecificationImpl.groovy:261)&#13;
	at io.restassured.specification.ResponseSpecification$body$0.callCurrent(Unknown Source)&#13;
	at io.restassured.internal.ResponseSpecificationImpl.body(ResponseSpecificationImpl.groovy:108)&#13;
	at io.restassured.internal.ValidatableResponseOptionsImpl.body(ValidatableResponseOptionsImpl.java:244)&#13;
	at io.restassured.internal.ValidatableResponseImpl.super$2$body(ValidatableResponseImpl.groovy)&#13;
	at sun.reflect.GeneratedMethodAccessor146.invoke(Unknown Source)&#13;
	at sun.reflect.DelegatingMethodAccessorImpl.invoke(DelegatingMethodAccessorImpl.java:43)&#13;
	at java.lang.reflect.Method.invoke(Method.java:498)&#13;
	at org.codehaus.groovy.reflection.CachedMethod.invoke(CachedMethod.java:107)&#13;
	at groovy.lang.MetaMethod.doMethodInvoke(MetaMethod.java:323)&#13;
	at groovy.lang.MetaClassImpl.invokeMethod(MetaClassImpl.java:1262)&#13;
	at org.codehaus.groovy.runtime.ScriptBytecodeAdapter.invokeMethodOnSuperN(ScriptBytecodeAdapter.java:144)&#13;
	at io.restassured.internal.ValidatableResponseImpl.body(ValidatableResponseImpl.groovy:298)&#13;
	at io.restassured.internal.ValidatableResponseImpl.body(ValidatableResponseImpl.groovy)&#13;
	at Test_API_Java2.requestUs(Test_API_Java2.java:54)&#13;
	at sun.reflect.NativeMethodAccessorImpl.invoke0(Native Method)&#13;
	at sun.reflect.NativeMethodAccessorImpl.invoke(NativeMethodAccessorImpl.java:62)&#13;
	at sun.reflect.DelegatingMethodAccessorImpl.invoke(DelegatingMethodAccessorImpl.java:43)&#13;
	at java.lang.reflect.Method.invoke(Method.java:498)&#13;
	at org.junit.runners.model.FrameworkMethod$1.runReflectiveCall(FrameworkMethod.java:59)&#13;
	at org.junit.internal.runners.model.ReflectiveCallable.run(ReflectiveCallable.java:12)&#13;
	at org.junit.runners.model.FrameworkMethod.invokeExplosively(FrameworkMethod.java:56)&#13;
	at com.tngtech.java.junit.dataprovider.DataProviderFrameworkMethod.invokeExplosively(DataProviderFrameworkMethod.java:76)&#13;
	at org.junit.internal.runners.statements.InvokeMethod.evaluate(InvokeMethod.java:17)&#13;
	at org.junit.runners.ParentRunner$3.evaluate(ParentRunner.java:306)&#13;
	at org.junit.runners.BlockJUnit4ClassRunner$1.evaluate(BlockJUnit4ClassRunner.java:100)&#13;
	at org.junit.runners.ParentRunner.runLeaf(ParentRunner.java:366)&#13;
	at org.junit.runners.BlockJUnit4ClassRunner.runChild(BlockJUnit4ClassRunner.java:103)&#13;
	at org.junit.runners.BlockJUnit4ClassRunner.runChild(BlockJUnit4ClassRunner.java:63)&#13;
	at org.junit.runners.ParentRunner$4.run(ParentRunner.java:331)&#13;
	at org.junit.runners.ParentRunner$1.schedule(ParentRunner.java:79)&#13;
	at org.junit.runners.ParentRunner.runChildren(ParentRunner.java:329)&#13;
	at org.junit.runners.ParentRunner.access$100(ParentRunner.java:66)&#13;
	at org.junit.runners.ParentRunner$2.evaluate(ParentRunner.java:293)&#13;
	at org.junit.runners.ParentRunner$3.evaluate(ParentRunner.java:306)&#13;
	at org.junit.runners.ParentRunner.run(ParentRunner.java:413)&#13;
	at org.junit.runner.JUnitCore.run(JUnitCore.java:137)&#13;
	at com.intellij.junit4.JUnit4IdeaTestRunner.startRunnerWithArgs(JUnit4IdeaTestRunner.java:68)&#13;
	at com.intellij.rt.junit.IdeaTestRunner$Repeater.startRunnerWithArgs(IdeaTestRunner.java:33)&#13;
	at com.intellij.rt.junit.JUnitStarter.prepareStreamsAndStart(JUnitStarter.java:230)&#13;
	at com.intellij.rt.junit.JUnitStarter.main(JUnitStarter.java:58)&#13;
</output>
    </test>
    <test duration="196" locationUrl="java:test://Test_API_Java2/requestUs[3: q=, Belfast, APPID=9e36d5af654c0bc9e5994799dd93bd19]" name="Test_API_Java2.requestUs[3: q=, Belfast, APPID=9e36d5af654c0bc9e5994799dd93bd19]" status="passed">
        <output type="stdout">Request method:	GET
Request URI:	http://api.openweathermap.org/data/2.5/weather?q=Belfast&amp;amp;APPID=9e36d5af654c0bc9e5994799dd93bd19
Proxy:			&amp;lt;none&amp;gt;
Request params:	&amp;lt;none&amp;gt;
Query params:	&amp;lt;none&amp;gt;
Form params:	&amp;lt;none&amp;gt;
Path params:	payload1=q=
				payload2=Belfast
				payload3=APPID=9e36d5af654c0bc9e5994799dd93bd19
Headers:		Accept=*/*
				Content-Type=application/json; charset=UTF-8
Cookies:		&amp;lt;none&amp;gt;
Multiparts:		&amp;lt;none&amp;gt;
Body:			&amp;lt;none&amp;gt;
HTTP/1.1 200 OK
Server: openresty
Date: Fri, 22 May 2020 18:18:01 GMT
Content-Type: application/json; charset=utf-8
Content-Length: 485
Connection: keep-alive
X-Cache-Key: /data/2.5/weather?APPID=9e36d5af654c0bc9e5994799dd93bd19&amp;amp;q=belfast
Access-Control-Allow-Origin: *
Access-Control-Allow-Credentials: true
Access-Control-Allow-Methods: GET, POST
{
    &amp;quot;coord&amp;quot;: {
        &amp;quot;lon&amp;quot;: -5.93,
        &amp;quot;lat&amp;quot;: 54.58
    },
    &amp;quot;weather&amp;quot;: [
        {
            &amp;quot;id&amp;quot;: 802,
            &amp;quot;main&amp;quot;: &amp;quot;Clouds&amp;quot;,
            &amp;quot;description&amp;quot;: &amp;quot;scattered clouds&amp;quot;,
            &amp;quot;icon&amp;quot;: &amp;quot;03d&amp;quot;
        }
    ],
    &amp;quot;base&amp;quot;: &amp;quot;stations&amp;quot;,
    &amp;quot;main&amp;quot;: {
        &amp;quot;temp&amp;quot;: 287.78,
        &amp;quot;feels_like&amp;quot;: 277.36,
        &amp;quot;temp_min&amp;quot;: 287.15,
        &amp;quot;temp_max&amp;quot;: 288.71,
        &amp;quot;pressure&amp;quot;: 1002,
        &amp;quot;humidity&amp;quot;: 54
    },
    &amp;quot;visibility&amp;quot;: 10000,
    &amp;quot;wind&amp;quot;: {
        &amp;quot;speed&amp;quot;: 13.4,
        &amp;quot;deg&amp;quot;: 230,
        &amp;quot;gust&amp;quot;: 20.6
    },
    &amp;quot;clouds&amp;quot;: {
        &amp;quot;all&amp;quot;: 40
    },
    &amp;quot;dt&amp;quot;: 1590171196,
    &amp;quot;sys&amp;quot;: {
        &amp;quot;type&amp;quot;: 1,
        &amp;quot;id&amp;quot;: 1376,
        &amp;quot;country&amp;quot;: &amp;quot;GB&amp;quot;,
        &amp;quot;sunrise&amp;quot;: 1590120396,
        &amp;quot;sunset&amp;quot;: 1590179672
    },
    &amp;quot;timezone&amp;quot;: 3600,
    &amp;quot;id&amp;quot;: 2655984,
    &amp;quot;name&amp;quot;: &amp;quot;Belfast&amp;quot;,
    &amp;quot;cod&amp;quot;: 200
}
</output>
    </test>
    <test duration="195" locationUrl="java:test://Test_API_Java2/requestUs[4: q=, Elgin, APPID=9e36d5af654c0bc9e5994799dd93bd19]" name="Test_API_Java2.requestUs[4: q=, Elgin, APPID=9e36d5af654c0bc9e5994799dd93bd19]" status="passed">
        <output type="stdout">Request method:	GET
Request URI:	http://api.openweathermap.org/data/2.5/weather?q=Elgin&amp;amp;APPID=9e36d5af654c0bc9e5994799dd93bd19
Proxy:			&amp;lt;none&amp;gt;
Request params:	&amp;lt;none&amp;gt;
Query params:	&amp;lt;none&amp;gt;
Form params:	&amp;lt;none&amp;gt;
Path params:	payload1=q=
				payload2=Elgin
				payload3=APPID=9e36d5af654c0bc9e5994799dd93bd19
Headers:		Accept=*/*
				Content-Type=application/json; charset=UTF-8
Cookies:		&amp;lt;none&amp;gt;
Multiparts:		&amp;lt;none&amp;gt;
Body:			&amp;lt;none&amp;gt;
HTTP/1.1 200 OK
Server: openresty
Date: Fri, 22 May 2020 18:18:01 GMT
Content-Type: application/json; charset=utf-8
Content-Length: 473
Connection: keep-alive
X-Cache-Key: /data/2.5/weather?APPID=9e36d5af654c0bc9e5994799dd93bd19&amp;amp;q=elgin
Access-Control-Allow-Origin: *
Access-Control-Allow-Credentials: true
Access-Control-Allow-Methods: GET, POST
{
    &amp;quot;coord&amp;quot;: {
        &amp;quot;lon&amp;quot;: -88.28,
        &amp;quot;lat&amp;quot;: 42.04
    },
    &amp;quot;weather&amp;quot;: [
        {
            &amp;quot;id&amp;quot;: 804,
            &amp;quot;main&amp;quot;: &amp;quot;Clouds&amp;quot;,
            &amp;quot;description&amp;quot;: &amp;quot;overcast clouds&amp;quot;,
            &amp;quot;icon&amp;quot;: &amp;quot;04d&amp;quot;
        }
    ],
    &amp;quot;base&amp;quot;: &amp;quot;stations&amp;quot;,
    &amp;quot;main&amp;quot;: {
        &amp;quot;temp&amp;quot;: 291.72,
        &amp;quot;feels_like&amp;quot;: 291.35,
        &amp;quot;temp_min&amp;quot;: 290.93,
        &amp;quot;temp_max&amp;quot;: 293.15,
        &amp;quot;pressure&amp;quot;: 1017,
        &amp;quot;humidity&amp;quot;: 72
    },
    &amp;quot;visibility&amp;quot;: 16093,
    &amp;quot;wind&amp;quot;: {
        &amp;quot;speed&amp;quot;: 2.06,
        &amp;quot;deg&amp;quot;: 191
    },
    &amp;quot;clouds&amp;quot;: {
        &amp;quot;all&amp;quot;: 90
    },
    &amp;quot;dt&amp;quot;: 1590171453,
    &amp;quot;sys&amp;quot;: {
        &amp;quot;type&amp;quot;: 1,
        &amp;quot;id&amp;quot;: 3851,
        &amp;quot;country&amp;quot;: &amp;quot;US&amp;quot;,
        &amp;quot;sunrise&amp;quot;: 1590143159,
        &amp;quot;sunset&amp;quot;: 1590196439
    },
    &amp;quot;timezone&amp;quot;: -18000,
    &amp;quot;id&amp;quot;: 4890864,
    &amp;quot;name&amp;quot;: &amp;quot;Elgin&amp;quot;,
    &amp;quot;cod&amp;quot;: 200
}
</output>
    </test>
    <test duration="195" locationUrl="java:test://Test_API_Java2/requestUs[5: q=, Bude, APPID=9e36d5af654c0bc9e5994799dd93bd19]" name="Test_API_Java2.requestUs[5: q=, Bude, APPID=9e36d5af654c0bc9e5994799dd93bd19]" status="passed">
        <output type="stdout">Request method:	GET
Request URI:	http://api.openweathermap.org/data/2.5/weather?q=Bude&amp;amp;APPID=9e36d5af654c0bc9e5994799dd93bd19
Proxy:			&amp;lt;none&amp;gt;
Request params:	&amp;lt;none&amp;gt;
Query params:	&amp;lt;none&amp;gt;
Form params:	&amp;lt;none&amp;gt;
Path params:	payload1=q=
				payload2=Bude
				payload3=APPID=9e36d5af654c0bc9e5994799dd93bd19
Headers:		Accept=*/*
				Content-Type=application/json; charset=UTF-8
Cookies:		&amp;lt;none&amp;gt;
Multiparts:		&amp;lt;none&amp;gt;
Body:			&amp;lt;none&amp;gt;
HTTP/1.1 200 OK
Server: openresty
Date: Fri, 22 May 2020 18:18:01 GMT
Content-Type: application/json; charset=utf-8
Content-Length: 460
Connection: keep-alive
X-Cache-Key: /data/2.5/weather?APPID=9e36d5af654c0bc9e5994799dd93bd19&amp;amp;q=bude
Access-Control-Allow-Origin: *
Access-Control-Allow-Credentials: true
Access-Control-Allow-Methods: GET, POST
{
    &amp;quot;coord&amp;quot;: {
        &amp;quot;lon&amp;quot;: -4.54,
        &amp;quot;lat&amp;quot;: 50.82
    },
    &amp;quot;weather&amp;quot;: [
        {
            &amp;quot;id&amp;quot;: 801,
            &amp;quot;main&amp;quot;: &amp;quot;Clouds&amp;quot;,
            &amp;quot;description&amp;quot;: &amp;quot;few clouds&amp;quot;,
            &amp;quot;icon&amp;quot;: &amp;quot;02d&amp;quot;
        }
    ],
    &amp;quot;base&amp;quot;: &amp;quot;stations&amp;quot;,
    &amp;quot;main&amp;quot;: {
        &amp;quot;temp&amp;quot;: 287.64,
        &amp;quot;feels_like&amp;quot;: 285.12,
        &amp;quot;temp_min&amp;quot;: 287.04,
        &amp;quot;temp_max&amp;quot;: 288.15,
        &amp;quot;pressure&amp;quot;: 1027,
        &amp;quot;humidity&amp;quot;: 79
    },
    &amp;quot;wind&amp;quot;: {
        &amp;quot;speed&amp;quot;: 4.02,
        &amp;quot;deg&amp;quot;: 236,
        &amp;quot;gust&amp;quot;: 5.81
    },
    &amp;quot;clouds&amp;quot;: {
        &amp;quot;all&amp;quot;: 11
    },
    &amp;quot;dt&amp;quot;: 1590171453,
    &amp;quot;sys&amp;quot;: {
        &amp;quot;type&amp;quot;: 3,
        &amp;quot;id&amp;quot;: 2019810,
        &amp;quot;country&amp;quot;: &amp;quot;GB&amp;quot;,
        &amp;quot;sunrise&amp;quot;: 1590121174,
        &amp;quot;sunset&amp;quot;: 1590178227
    },
    &amp;quot;timezone&amp;quot;: 3600,
    &amp;quot;id&amp;quot;: 2654380,
    &amp;quot;name&amp;quot;: &amp;quot;Bude&amp;quot;,
    &amp;quot;cod&amp;quot;: 200
}
</output>
    </test>
    <test duration="213" locationUrl="java:test://Test_API_Java2/requestUs[6: q=, Ashford, appid=9e36d5af654c0bc9e5994799dd93bd19]" name="Test_API_Java2.requestUs[6: q=, Ashford, appid=9e36d5af654c0bc9e5994799dd93bd19]" status="passed">
        <output type="stdout">Request method:	GET
Request URI:	http://api.openweathermap.org/data/2.5/weather?q=Ashford&amp;amp;appid=9e36d5af654c0bc9e5994799dd93bd19
Proxy:			&amp;lt;none&amp;gt;
Request params:	&amp;lt;none&amp;gt;
Query params:	&amp;lt;none&amp;gt;
Form params:	&amp;lt;none&amp;gt;
Path params:	payload1=q=
				payload2=Ashford
				payload3=appid=9e36d5af654c0bc9e5994799dd93bd19
Headers:		Accept=*/*
				Content-Type=application/json; charset=UTF-8
Cookies:		&amp;lt;none&amp;gt;
Multiparts:		&amp;lt;none&amp;gt;
Body:			&amp;lt;none&amp;gt;
HTTP/1.1 200 OK
Server: openresty
Date: Fri, 22 May 2020 18:18:01 GMT
Content-Type: application/json; charset=utf-8
Content-Length: 467
Connection: keep-alive
X-Cache-Key: /data/2.5/weather?q=ashford
Access-Control-Allow-Origin: *
Access-Control-Allow-Credentials: true
Access-Control-Allow-Methods: GET, POST
{
    &amp;quot;coord&amp;quot;: {
        &amp;quot;lon&amp;quot;: 0.87,
        &amp;quot;lat&amp;quot;: 51.15
    },
    &amp;quot;weather&amp;quot;: [
        {
            &amp;quot;id&amp;quot;: 804,
            &amp;quot;main&amp;quot;: &amp;quot;Clouds&amp;quot;,
            &amp;quot;description&amp;quot;: &amp;quot;overcast clouds&amp;quot;,
            &amp;quot;icon&amp;quot;: &amp;quot;04d&amp;quot;
        }
    ],
    &amp;quot;base&amp;quot;: &amp;quot;stations&amp;quot;,
    &amp;quot;main&amp;quot;: {
        &amp;quot;temp&amp;quot;: 289.09,
        &amp;quot;feels_like&amp;quot;: 285.63,
        &amp;quot;temp_min&amp;quot;: 288.71,
        &amp;quot;temp_max&amp;quot;: 289.26,
        &amp;quot;pressure&amp;quot;: 1019,
        &amp;quot;humidity&amp;quot;: 51
    },
    &amp;quot;wind&amp;quot;: {
        &amp;quot;speed&amp;quot;: 3.58,
        &amp;quot;deg&amp;quot;: 230,
        &amp;quot;gust&amp;quot;: 5.81
    },
    &amp;quot;clouds&amp;quot;: {
        &amp;quot;all&amp;quot;: 96
    },
    &amp;quot;dt&amp;quot;: 1590170713,
    &amp;quot;sys&amp;quot;: {
        &amp;quot;type&amp;quot;: 3,
        &amp;quot;id&amp;quot;: 2002488,
        &amp;quot;country&amp;quot;: &amp;quot;GB&amp;quot;,
        &amp;quot;sunrise&amp;quot;: 1590119788,
        &amp;quot;sunset&amp;quot;: 1590177016
    },
    &amp;quot;timezone&amp;quot;: 3600,
    &amp;quot;id&amp;quot;: 2656955,
    &amp;quot;name&amp;quot;: &amp;quot;Ashford&amp;quot;,
    &amp;quot;cod&amp;quot;: 200
}
</output>
    </test>
</testrun>
